<?xml version="1.0" encoding="UTF-8"?>
<!-- Generated by org.testng.reporters.JUnitXMLReporter -->
<testsuite ignored="4" hostname="shreya-kumar-Precision-3581" failures="1" tests="1" name="Surefire test" time="118.287" errors="0" timestamp="2026-02-21T19:25:43 IST">
  <testcase classname="tests.BednetDraftCampaignTest" name="verifySelectBednetDistributionAndClickNext" time="60.008">
    <failure type="com.microsoft.playwright.TimeoutError" message="Error {
  message=&amp;apos;Timeout 60000ms exceeded.
  name=&amp;apos;TimeoutError
  stack=&amp;apos;TimeoutError: Timeout 60000ms exceeded.
    at ProgressController.run (/tmp/playwright-java-16240780945430742887/package/lib/server/progress.js:78:26)
    at Frame.click (/tmp/playwright-java-16240780945430742887/package/lib/server/frames.js:1007:23)
    at FrameDispatcher.click (/tmp/playwright-java-16240780945430742887/package/lib/server/dispatchers/frameDispatcher.js:158:30)
    at FrameDispatcher._handleCommand (/tmp/playwright-java-16240780945430742887/package/lib/server/dispatchers/dispatcher.js:94:40)
    at DispatcherConnection.dispatch (/tmp/playwright-java-16240780945430742887/package/lib/server/dispatchers/dispatcher.js:361:39)
}
Call log:
- waiting for locator(&amp;quot;[class*=&amp;apos;css-&amp;apos;][class*=&amp;apos;control&amp;apos;], [class*=&amp;apos;ValueContainer&amp;apos;], [class*=&amp;apos;placeholder&amp;apos;]&amp;quot;).first()
">
      <![CDATA[com.microsoft.playwright.TimeoutError: Error {
  message='Timeout 60000ms exceeded.
  name='TimeoutError
  stack='TimeoutError: Timeout 60000ms exceeded.
    at ProgressController.run (/tmp/playwright-java-16240780945430742887/package/lib/server/progress.js:78:26)
    at Frame.click (/tmp/playwright-java-16240780945430742887/package/lib/server/frames.js:1007:23)
    at FrameDispatcher.click (/tmp/playwright-java-16240780945430742887/package/lib/server/dispatchers/frameDispatcher.js:158:30)
    at FrameDispatcher._handleCommand (/tmp/playwright-java-16240780945430742887/package/lib/server/dispatchers/dispatcher.js:94:40)
    at DispatcherConnection.dispatch (/tmp/playwright-java-16240780945430742887/package/lib/server/dispatchers/dispatcher.js:361:39)
}
Call log:
- waiting for locator("[class*='css-'][class*='control'], [class*='ValueContainer'], [class*='placeholder']").first()

at com.microsoft.playwright.impl.WaitableResult.get(WaitableResult.java:52)
at com.microsoft.playwright.impl.ChannelOwner.runUntil(ChannelOwner.java:120)
at com.microsoft.playwright.impl.Connection.sendMessage(Connection.java:130)
at com.microsoft.playwright.impl.ChannelOwner.sendMessage(ChannelOwner.java:106)
at com.microsoft.playwright.impl.FrameImpl.clickImpl(FrameImpl.java:252)
at com.microsoft.playwright.impl.FrameImpl.lambda$click$8(FrameImpl.java:243)
at com.microsoft.playwright.impl.LoggingSupport.lambda$withLogging$0(LoggingSupport.java:36)
at com.microsoft.playwright.impl.LoggingSupport.withLogging(LoggingSupport.java:47)
at com.microsoft.playwright.impl.ChannelOwner.withLogging(ChannelOwner.java:89)
at com.microsoft.playwright.impl.LoggingSupport.withLogging(LoggingSupport.java:35)
at com.microsoft.playwright.impl.FrameImpl.click(FrameImpl.java:243)
at com.microsoft.playwright.impl.LocatorImpl.click(LocatorImpl.java:160)
at com.microsoft.playwright.Locator.click(Locator.java:2468)
at pages.BednetDraftCampaignPage.selectBednetDistribution(BednetDraftCampaignPage.java:27)
at tests.BednetDraftCampaignTest.verifySelectBednetDistributionAndClickNext(BednetDraftCampaignTest.java:62)
at java.base/java.util.ArrayList.forEach(ArrayList.java:1511)
Caused by: com.microsoft.playwright.TimeoutError: Error {
  message='Timeout 60000ms exceeded.
  name='TimeoutError
  stack='TimeoutError: Timeout 60000ms exceeded.
    at ProgressController.run (/tmp/playwright-java-16240780945430742887/package/lib/server/progress.js:78:26)
    at Frame.click (/tmp/playwright-java-16240780945430742887/package/lib/server/frames.js:1007:23)
    at FrameDispatcher.click (/tmp/playwright-java-16240780945430742887/package/lib/server/dispatchers/frameDispatcher.js:158:30)
    at FrameDispatcher._handleCommand (/tmp/playwright-java-16240780945430742887/package/lib/server/dispatchers/dispatcher.js:94:40)
    at DispatcherConnection.dispatch (/tmp/playwright-java-16240780945430742887/package/lib/server/dispatchers/dispatcher.js:361:39)
}
Call log:
- waiting for locator("[class*='css-'][class*='control'], [class*='ValueContainer'], [class*='placeholder']").first()

at com.microsoft.playwright.impl.Connection.dispatch(Connection.java:254)
at com.microsoft.playwright.impl.Connection.processOneMessage(Connection.java:211)
at com.microsoft.playwright.impl.ChannelOwner.runUntil(ChannelOwner.java:118)
... 46 more
... Removed 32 stack frames]]>
    </failure>
  </testcase> <!-- verifySelectBednetDistributionAndClickNext -->
  <testcase classname="tests.BednetDraftCampaignTest" name="verifyHeadingIsVisible" time="0.0">
    <ignored/>
  </testcase> <!-- verifyHeadingIsVisible -->
  <testcase classname="tests.BednetDraftCampaignTest" name="verifyHeadingText" time="0.0">
    <ignored/>
  </testcase> <!-- verifyHeadingText -->
  <testcase classname="tests.BednetDraftCampaignTest" name="verifyNextButtonIsVisible" time="0.0">
    <ignored/>
  </testcase> <!-- verifyNextButtonIsVisible -->
  <testcase classname="tests.BednetDraftCampaignTest" name="verifyCampaignTypeLabelIsVisible" time="0.0">
    <ignored/>
  </testcase> <!-- verifyCampaignTypeLabelIsVisible -->
</testsuite> <!-- Surefire test -->
