<?xml version="1.0" encoding="UTF-8"?>
<testsuite xmlns:xsi="http://www.w3.org/2001/XMLSchema-instance" xsi:noNamespaceSchemaLocation="https://maven.apache.org/surefire/maven-surefire-plugin/xsd/surefire-test-report-3.0.xsd" version="3.0" name="tests.BednetDraftCampaignTest" time="118.792" tests="1" errors="0" skipped="0" failures="1">
  <properties>
[...]
</properties>
  <testcase name="verifySelectBednetDistributionAndClickNext" classname="tests.BednetDraftCampaignTest" time="60.016">
    <failure message="Error {&#10;  message=&apos;Timeout 60000ms exceeded.&#10;  name=&apos;TimeoutError&#10;  stack=&apos;TimeoutError: Timeout 60000ms exceeded.&#10;    at ProgressController.run (/tmp/playwright-java-16240780945430742887/package/lib/server/progress.js:78:26)&#10;    at Frame.click (/tmp/playwright-java-16240780945430742887/package/lib/server/frames.js:1007:23)&#10;    at FrameDispatcher.click (/tmp/playwright-java-16240780945430742887/package/lib/server/dispatchers/frameDispatcher.js:158:30)&#10;    at FrameDispatcher._handleCommand (/tmp/playwright-java-16240780945430742887/package/lib/server/dispatchers/dispatcher.js:94:40)&#10;    at DispatcherConnection.dispatch (/tmp/playwright-java-16240780945430742887/package/lib/server/dispatchers/dispatcher.js:361:39)&#10;}&#10;Call log:&#10;- waiting for locator(&quot;[class*=&apos;css-&apos;][class*=&apos;control&apos;], [class*=&apos;ValueContainer&apos;], [class*=&apos;placeholder&apos;]&quot;).first()&#10;" type="com.microsoft.playwright.TimeoutError"><![CDATA[com.microsoft.playwright.TimeoutError: 
Error {
  message='Timeout 60000ms exceeded.
  name='TimeoutError
  stack='TimeoutError: Timeout 60000ms exceeded.
    at ProgressController.run (/tmp/playwright-java-16240780945430742887/package/lib/server/progress.js:78:26)
    at Frame.click (/tmp/playwright-java-16240780945430742887/package/lib/server/frames.js:1007:23)
    at FrameDispatcher.click (/tmp/playwright-java-16240780945430742887/package/lib/server/dispatchers/frameDispatcher.js:158:30)
    at FrameDispatcher._handleCommand (/tmp/playwright-java-16240780945430742887/package/lib/server/dispatchers/dispatcher.js:94:40)
    at DispatcherConnection.dispatch (/tmp/playwright-java-16240780945430742887/package/lib/server/dispatchers/dispatcher.js:361:39)
}
Call log:
- waiting for locator("[class*='css-'][class*='control'], [class*='ValueContainer'], [class*='placeholder']").first()

	at com.microsoft.playwright.impl.WaitableResult.get(WaitableResult.java:52)
	at com.microsoft.playwright.impl.ChannelOwner.runUntil(ChannelOwner.java:120)
	at com.microsoft.playwright.impl.Connection.sendMessage(Connection.java:130)
	at com.microsoft.playwright.impl.ChannelOwner.sendMessage(ChannelOwner.java:106)
	at com.microsoft.playwright.impl.FrameImpl.clickImpl(FrameImpl.java:252)
	at com.microsoft.playwright.impl.FrameImpl.lambda$click$8(FrameImpl.java:243)
	at com.microsoft.playwright.impl.LoggingSupport.lambda$withLogging$0(LoggingSupport.java:36)
	at com.microsoft.playwright.impl.LoggingSupport.withLogging(LoggingSupport.java:47)
	at com.microsoft.playwright.impl.ChannelOwner.withLogging(ChannelOwner.java:89)
	at com.microsoft.playwright.impl.LoggingSupport.withLogging(LoggingSupport.java:35)
	at com.microsoft.playwright.impl.FrameImpl.click(FrameImpl.java:243)
	at com.microsoft.playwright.impl.LocatorImpl.click(LocatorImpl.java:160)
	at com.microsoft.playwright.Locator.click(Locator.java:2468)
	at pages.BednetDraftCampaignPage.selectBednetDistribution(BednetDraftCampaignPage.java:27)
	at tests.BednetDraftCampaignTest.verifySelectBednetDistributionAndClickNext(BednetDraftCampaignTest.java:62)
	at java.base/jdk.internal.reflect.NativeMethodAccessorImpl.invoke0(Native Method)
	at java.base/jdk.internal.reflect.NativeMethodAccessorImpl.invoke(NativeMethodAccessorImpl.java:77)
	at java.base/jdk.internal.reflect.DelegatingMethodAccessorImpl.invoke(DelegatingMethodAccessorImpl.java:43)
	at java.base/java.lang.reflect.Method.invoke(Method.java:569)
	at org.testng.internal.invokers.MethodInvocationHelper.invokeMethod(MethodInvocationHelper.java:139)
	at org.testng.internal.invokers.TestInvoker.invokeMethod(TestInvoker.java:664)
	at org.testng.internal.invokers.TestInvoker.invokeTestMethod(TestInvoker.java:228)
	at org.testng.internal.invokers.MethodRunner.runInSequence(MethodRunner.java:63)
	at org.testng.internal.invokers.TestInvoker$MethodInvocationAgent.invoke(TestInvoker.java:961)
	at org.testng.internal.invokers.TestInvoker.invokeTestMethods(TestInvoker.java:201)
	at org.testng.internal.invokers.TestMethodWorker.invokeTestMethods(TestMethodWorker.java:148)
	at org.testng.internal.invokers.TestMethodWorker.run(TestMethodWorker.java:128)
	at java.base/java.util.ArrayList.forEach(ArrayList.java:1511)
	at org.testng.TestRunner.privateRun(TestRunner.java:819)
	at org.testng.TestRunner.run(TestRunner.java:619)
	at org.testng.SuiteRunner.runTest(SuiteRunner.java:443)
	at org.testng.SuiteRunner.runSequentially(SuiteRunner.java:437)
	at org.testng.SuiteRunner.privateRun(SuiteRunner.java:397)
	at org.testng.SuiteRunner.run(SuiteRunner.java:336)
	at org.testng.SuiteRunnerWorker.runSuite(SuiteRunnerWorker.java:52)
	at org.testng.SuiteRunnerWorker.run(SuiteRunnerWorker.java:95)
	at org.testng.TestNG.runSuitesSequentially(TestNG.java:1301)
	at org.testng.TestNG.runSuitesLocally(TestNG.java:1228)
	at org.testng.TestNG.runSuites(TestNG.java:1134)
	at org.testng.TestNG.run(TestNG.java:1101)
	at org.apache.maven.surefire.testng.TestNGExecutor.run(TestNGExecutor.java:155)
	at org.apache.maven.surefire.testng.TestNGDirectoryTestSuite.executeSingleClass(TestNGDirectoryTestSuite.java:102)
	at org.apache.maven.surefire.testng.TestNGDirectoryTestSuite.execute(TestNGDirectoryTestSuite.java:91)
	at org.apache.maven.surefire.testng.TestNGProvider.invoke(TestNGProvider.java:137)
	at org.apache.maven.surefire.booter.ForkedBooter.runSuitesInProcess(ForkedBooter.java:385)
	at org.apache.maven.surefire.booter.ForkedBooter.execute(ForkedBooter.java:162)
	at org.apache.maven.surefire.booter.ForkedBooter.run(ForkedBooter.java:507)
	at org.apache.maven.surefire.booter.ForkedBooter.main(ForkedBooter.java:495)
Caused by: com.microsoft.playwright.TimeoutError: Error {
  message='Timeout 60000ms exceeded.
  name='TimeoutError
  stack='TimeoutError: Timeout 60000ms exceeded.
    at ProgressController.run (/tmp/playwright-java-16240780945430742887/package/lib/server/progress.js:78:26)
    at Frame.click (/tmp/playwright-java-16240780945430742887/package/lib/server/frames.js:1007:23)
    at FrameDispatcher.click (/tmp/playwright-java-16240780945430742887/package/lib/server/dispatchers/frameDispatcher.js:158:30)
    at FrameDispatcher._handleCommand (/tmp/playwright-java-16240780945430742887/package/lib/server/dispatchers/dispatcher.js:94:40)
    at DispatcherConnection.dispatch (/tmp/playwright-java-16240780945430742887/package/lib/server/dispatchers/dispatcher.js:361:39)
}
Call log:
- waiting for locator("[class*='css-'][class*='control'], [class*='ValueContainer'], [class*='placeholder']").first()

	at com.microsoft.playwright.impl.Connection.dispatch(Connection.java:254)
	at com.microsoft.playwright.impl.Connection.processOneMessage(Connection.java:211)
	at com.microsoft.playwright.impl.ChannelOwner.runUntil(ChannelOwner.java:118)
	... 46 more
]]></failure>
    <system-err><![CDATA[SLF4J: Failed to load class "org.slf4j.impl.StaticLoggerBinder".
SLF4J: Defaulting to no-operation (NOP) logger implementation
SLF4J: See http://www.slf4j.org/codes.html#StaticLoggerBinder for further details.
]]></system-err>
  </testcase>
</testsuite>