<?xml version="1.0" encoding="UTF-8"?>
<testng-results ignored="0" total="1" passed="1" failed="0" skipped="0">
  <reporter-output>
  </reporter-output>
  <suite started-at="2026-02-22T15:10:41 IST" name="Surefire suite" finished-at="2026-02-22T15:11:03 IST" duration-ms="21663">
    <groups>
      <group name="regression">
        <method signature="BednetDraftCampaignTest.verifySelectBednetDistributionAndClickNext()[pri:0, instance:tests.BednetDraftCampaignTest@11c20519]" name="verifySelectBednetDistributionAndClickNext" class="tests.BednetDraftCampaignTest"/>
      </group> <!-- regression -->
    </groups>
    <test started-at="2026-02-22T15:10:41 IST" name="Surefire test" finished-at="2026-02-22T15:11:03 IST" duration-ms="21663">
      <class name="tests.BednetDraftCampaignTest">
        <test-method is-config="true" signature="setup()[pri:0, instance:tests.BednetDraftCampaignTest@11c20519]" started-at="2026-02-22T15:10:41 IST" name="setup" finished-at="2026-02-22T15:10:48 IST" duration-ms="7088" status="PASS">
          <reporter-output>
          </reporter-output>
        </test-method> <!-- setup -->
        <test-method is-config="true" signature="loginAndNavigateToCreateCampaign()[pri:0, instance:tests.BednetDraftCampaignTest@11c20519]" started-at="2026-02-22T15:10:48 IST" name="loginAndNavigateToCreateCampaign" finished-at="2026-02-22T15:10:59 IST" depends-on-methods="base.WorkbenchBaseTest.setup" duration-ms="10928" status="PASS">
          <reporter-output>
          </reporter-output>
        </test-method> <!-- loginAndNavigateToCreateCampaign -->
        <test-method signature="verifySelectBednetDistributionAndClickNext()[pri:0, instance:tests.BednetDraftCampaignTest@11c20519]" started-at="2026-02-22T15:10:59 IST" name="verifySelectBednetDistributionAndClickNext" finished-at="2026-02-22T15:11:02 IST" duration-ms="3396" status="PASS">
          <reporter-output>
          </reporter-output>
        </test-method> <!-- verifySelectBednetDistributionAndClickNext -->
        <test-method is-config="true" signature="tearDown()[pri:0, instance:tests.BednetDraftCampaignTest@11c20519]" started-at="2026-02-22T15:11:02 IST" name="tearDown" finished-at="2026-02-22T15:11:03 IST" duration-ms="205" status="PASS">
          <reporter-output>
          </reporter-output>
        </test-method> <!-- tearDown -->
      </class> <!-- tests.BednetDraftCampaignTest -->
    </test> <!-- Surefire test -->
  </suite> <!-- Surefire suite -->
</testng-results>
