<?xml version="1.0" encoding="UTF-8"?>
<!-- Generated by org.testng.reporters.JUnitXMLReporter -->
<testsuite ignored="13" hostname="shreya-kumar-Precision-3581" failures="0" tests="4" name="Regression Tests" time="118.332" errors="0" timestamp="2026-02-22T13:52:42 IST">
  <testcase classname="tests.WorkbenchLoginTest" name="verifySuccessfulLoginRedirectsToHomePage" time="4.917"/>
  <testcase classname="tests.CampaignLandingTest" name="verifyContinueButtonNavigates" time="4.466"/>
  <testcase classname="tests.CampaignLandingTest" name="verifyCreateCampaignLinkNavigates" time="0.509"/>
  <testcase classname="tests.BednetDraftCampaignTest" name="verifySelectBednetDistributionAndClickNext" time="1.304"/>
  <testcase classname="tests.WorkbenchLoginTest" name="verifyLoginWithEmptyPassword" time="0.0">
    <ignored/>
  </testcase> <!-- verifyLoginWithEmptyPassword -->
  <testcase classname="tests.WorkbenchLoginTest" name="verifyLoginWithEmptyFields" time="0.0">
    <ignored/>
  </testcase> <!-- verifyLoginWithEmptyFields -->
  <testcase classname="tests.WorkbenchLoginTest" name="verifyLoginWithInvalidUsername" time="0.0">
    <ignored/>
  </testcase> <!-- verifyLoginWithInvalidUsername -->
  <testcase classname="tests.WorkbenchLoginTest" name="verifyValidLogin" time="0.0">
    <ignored/>
  </testcase> <!-- verifyValidLogin -->
  <testcase classname="tests.WorkbenchLoginTest" name="verifyPrivacyCheckboxIsVisible" time="0.0">
    <ignored/>
  </testcase> <!-- verifyPrivacyCheckboxIsVisible -->
  <testcase classname="tests.WorkbenchLoginTest" name="verifyUsernameFieldIsVisible" time="0.0">
    <ignored/>
  </testcase> <!-- verifyUsernameFieldIsVisible -->
  <testcase classname="tests.WorkbenchLoginTest" name="verifyLoginWithEmptyUsername" time="0.0">
    <ignored/>
  </testcase> <!-- verifyLoginWithEmptyUsername -->
  <testcase classname="tests.WorkbenchLoginTest" name="verifyPasswordPlaceholder" time="0.0">
    <ignored/>
  </testcase> <!-- verifyPasswordPlaceholder -->
  <testcase classname="tests.WorkbenchLoginTest" name="verifyLoginWithInvalidPassword" time="0.0">
    <ignored/>
  </testcase> <!-- verifyLoginWithInvalidPassword -->
  <testcase classname="tests.WorkbenchLoginTest" name="verifyUsernamePlaceholder" time="0.0">
    <ignored/>
  </testcase> <!-- verifyUsernamePlaceholder -->
  <testcase classname="tests.WorkbenchLoginTest" name="verifyPasswordFieldIsVisible" time="0.0">
    <ignored/>
  </testcase> <!-- verifyPasswordFieldIsVisible -->
  <testcase classname="tests.WorkbenchLoginTest" name="verifyLoginWithoutPrivacyCheckbox" time="0.0">
    <ignored/>
  </testcase> <!-- verifyLoginWithoutPrivacyCheckbox -->
  <testcase classname="tests.WorkbenchLoginTest" name="verifyLoginButtonIsVisible" time="0.0">
    <ignored/>
  </testcase> <!-- verifyLoginButtonIsVisible -->
</testsuite> <!-- Regression Tests -->
