<?xml version="1.0" encoding="UTF-8"?>
<!-- Generated by org.testng.reporters.JUnitXMLReporter -->
<testsuite ignored="0" hostname="shreya-kumar-Precision-3581" failures="0" tests="4" name="Regression Tests" time="56.142" errors="0" timestamp="2026-02-22T15:09:47 IST">
  <testcase classname="tests.WorkbenchLoginTest" name="verifySuccessfulLoginRedirectsToHomePage" time="4.14"/>
  <testcase classname="tests.CampaignLandingTest" name="verifyContinueButtonNavigates" time="4.086"/>
  <testcase classname="tests.CampaignLandingTest" name="verifyCreateCampaignLinkNavigates" time="0.977"/>
  <testcase classname="tests.BednetDraftCampaignTest" name="verifySelectBednetDistributionAndClickNext" time="3.404"/>
</testsuite> <!-- Regression Tests -->
