<?xml version="1.0" encoding="UTF-8"?>
<!-- Generated by org.testng.reporters.JUnitReportReporter -->
<testsuite hostname="shreya-kumar-Precision-3581" failures="0" tests="2" name="tests.CampaignLandingTest" time="51.502" errors="0" timestamp="2026-02-22T13:52:42 IST" skipped="0">
  <testcase classname="tests.CampaignLandingTest" name="verifyContinueButtonNavigates" time="39.483"/>
  <testcase classname="tests.CampaignLandingTest" name="verifyCreateCampaignLinkNavigates" time="12.019"/>
</testsuite> <!-- tests.CampaignLandingTest -->
