<?xml version="1.0" encoding="UTF-8"?>
<!-- Generated by org.testng.reporters.JUnitReportReporter -->
<testsuite hostname="shreya-kumar-Precision-3581" failures="0" tests="2" name="tests.CampaignLandingTest" time="25.238" errors="0" timestamp="2026-02-22T15:09:47 IST" skipped="0">
  <testcase classname="tests.CampaignLandingTest" name="verifyCreateCampaignLinkNavigates" time="11.628"/>
  <testcase classname="tests.CampaignLandingTest" name="verifyContinueButtonNavigates" time="13.610"/>
</testsuite> <!-- tests.CampaignLandingTest -->
